Terminals which are not used

   TOKEN_ERROR


State 57 conflicts: 1 shift/reduce
State 118 conflicts: 1 shift/reduce


Grammar

    0 $accept: program $end

    1 program: declarationList

    2 declarationList: declaration declarationList
    3                | /* empty */

    4 declaration: globalVariableDeclaration
    5            | globalVectorDeclaration
    6            | functionDeclaration

    7 type: KW_FLOAT
    8     | KW_CHAR
    9     | KW_INT

   10 literal: LIT_CHAR
   11        | LIT_FLOAT
   12        | LIT_INTEGER

   13 literalList: literal literalListTail

   14 literalListTail: literal literalListTail
   15                | /* empty */

   16 initialization: '(' literal ')'

   17 optionalInitialization: literalList
   18                       | /* empty */

   19 globalVariableDeclaration: type TK_IDENTIFIER initialization ';'

   20 globalVectorDeclaration: type TK_IDENTIFIER '[' LIT_INTEGER ']' optionalInitialization ';'

   21 param: type TK_IDENTIFIER

   22 optionalParamsList: param optionalParamsList
   23                   | /* empty */

   24 functionDeclaration: type TK_IDENTIFIER '(' optionalParamsList ')' commandBlock

   25 commandBlock: '{' commandList '}'

   26 commandList: command commandListTail

   27 commandListTail: ';' command commandListTail
   28                | /* empty */

   29 command: assignment
   30        | readCommand
   31        | printCommand
   32        | returnCommand
   33        | ifCommand
   34        | whileCommand
   35        | commandBlock
   36        | /* empty */

   37 assignment: TK_IDENTIFIER ASSIGNMENT expression
   38           | TK_IDENTIFIER '[' expression ']' ASSIGNMENT expression

   39 readCommand: KW_READ TK_IDENTIFIER optionalIndex

   40 optionalIndex: '[' expression ']'
   41              | /* empty */

   42 printCommand: KW_PRINT printParamList

   43 printParam: LIT_STRING
   44           | expression

   45 printParamList: printParam printParamList
   46               | /* empty */

   47 returnCommand: KW_RETURN expression

   48 ifCommand: KW_IF '(' expression ')' command optionalElse

   49 optionalElse: KW_ELSE command
   50             | /* empty */

   51 whileCommand: KW_WHILE '(' expression ')' command

   52 expression: TK_IDENTIFIER
   53           | TK_IDENTIFIER '[' expression ']'
   54           | literal
   55           | expression '+' expression
   56           | expression '-' expression
   57           | expression '.' expression
   58           | expression '/' expression
   59           | expression '>' expression
   60           | expression '<' expression
   61           | expression OPERATOR_LE expression
   62           | expression OPERATOR_GE expression
   63           | expression OPERATOR_EQ expression
   64           | expression OPERATOR_DIF expression
   65           | expression '&' expression
   66           | expression '|' expression
   67           | '~' expression
   68           | '(' expression ')'
   69           | functionCall

   70 functionCall: TK_IDENTIFIER '(' functionParamsList ')'

   71 functionParamsList: expression functionParamsList
   72                   | /* empty */


Terminals, with rules where they appear

$end (0) 0
'&' (38) 65
'(' (40) 16 24 48 51 68 70
')' (41) 16 24 48 51 68 70
'+' (43) 55
'-' (45) 56
'.' (46) 57
'/' (47) 58
';' (59) 19 20 27
'<' (60) 60
'>' (62) 59
'[' (91) 20 38 40 53
']' (93) 20 38 40 53
'{' (123) 25
'|' (124) 66
'}' (125) 25
'~' (126) 67
error (256)
KW_CHAR (258) 8
KW_INT (259) 9
KW_FLOAT (260) 7
KW_IF (261) 48
KW_ELSE (262) 49
KW_WHILE (263) 51
KW_READ (264) 39
KW_PRINT (265) 42
KW_RETURN (266) 47
ASSIGNMENT (267) 37 38
OPERATOR_LE (268) 61
OPERATOR_GE (269) 62
OPERATOR_EQ (270) 63
OPERATOR_DIF (271) 64
TK_IDENTIFIER (272) 19 20 21 24 37 38 39 52 53 70
LIT_INTEGER (273) 12 20
LIT_FLOAT (274) 11
LIT_CHAR (275) 10
LIT_STRING (276) 43
TOKEN_ERROR (277)


Nonterminals, with rules where they appear

$accept (39)
    on left: 0
program (40)
    on left: 1, on right: 0
declarationList (41)
    on left: 2 3, on right: 1 2
declaration (42)
    on left: 4 5 6, on right: 2
type (43)
    on left: 7 8 9, on right: 19 20 21 24
literal (44)
    on left: 10 11 12, on right: 13 14 16 54
literalList (45)
    on left: 13, on right: 17
literalListTail (46)
    on left: 14 15, on right: 13 14
initialization (47)
    on left: 16, on right: 19
optionalInitialization (48)
    on left: 17 18, on right: 20
globalVariableDeclaration (49)
    on left: 19, on right: 4
globalVectorDeclaration (50)
    on left: 20, on right: 5
param (51)
    on left: 21, on right: 22
optionalParamsList (52)
    on left: 22 23, on right: 22 24
functionDeclaration (53)
    on left: 24, on right: 6
commandBlock (54)
    on left: 25, on right: 24 35
commandList (55)
    on left: 26, on right: 25
commandListTail (56)
    on left: 27 28, on right: 26 27
command (57)
    on left: 29 30 31 32 33 34 35 36, on right: 26 27 48 49 51
assignment (58)
    on left: 37 38, on right: 29
readCommand (59)
    on left: 39, on right: 30
optionalIndex (60)
    on left: 40 41, on right: 39
printCommand (61)
    on left: 42, on right: 31
printParam (62)
    on left: 43 44, on right: 45
printParamList (63)
    on left: 45 46, on right: 42 45
returnCommand (64)
    on left: 47, on right: 32
ifCommand (65)
    on left: 48, on right: 33
optionalElse (66)
    on left: 49 50, on right: 48
whileCommand (67)
    on left: 51, on right: 34
expression (68)
    on left: 52 53 54 55 56 57 58 59 60 61 62 63 64 65 66 67 68 69
   , on right: 37 38 40 44 47 48 51 53 55 56 57 58 59 60 61 62 63 64
    65 66 67 68 71
functionCall (69)
    on left: 70, on right: 69
functionParamsList (70)
    on left: 71 72, on right: 70 71


state 0

    0 $accept: . program $end

    KW_CHAR   shift, and go to state 1
    KW_INT    shift, and go to state 2
    KW_FLOAT  shift, and go to state 3

    $default  reduce using rule 3 (declarationList)

    program                    go to state 4
    declarationList            go to state 5
    declaration                go to state 6
    type                       go to state 7
    globalVariableDeclaration  go to state 8
    globalVectorDeclaration    go to state 9
    functionDeclaration        go to state 10


state 1

    8 type: KW_CHAR .

    $default  reduce using rule 8 (type)


state 2

    9 type: KW_INT .

    $default  reduce using rule 9 (type)


state 3

    7 type: KW_FLOAT .

    $default  reduce using rule 7 (type)


state 4

    0 $accept: program . $end

    $end  shift, and go to state 11


state 5

    1 program: declarationList .

    $default  reduce using rule 1 (program)


state 6

    2 declarationList: declaration . declarationList

    KW_CHAR   shift, and go to state 1
    KW_INT    shift, and go to state 2
    KW_FLOAT  shift, and go to state 3

    $default  reduce using rule 3 (declarationList)

    declarationList            go to state 12
    declaration                go to state 6
    type                       go to state 7
    globalVariableDeclaration  go to state 8
    globalVectorDeclaration    go to state 9
    functionDeclaration        go to state 10


state 7

   19 globalVariableDeclaration: type . TK_IDENTIFIER initialization ';'
   20 globalVectorDeclaration: type . TK_IDENTIFIER '[' LIT_INTEGER ']' optionalInitialization ';'
   24 functionDeclaration: type . TK_IDENTIFIER '(' optionalParamsList ')' commandBlock

    TK_IDENTIFIER  shift, and go to state 13


state 8

    4 declaration: globalVariableDeclaration .

    $default  reduce using rule 4 (declaration)


state 9

    5 declaration: globalVectorDeclaration .

    $default  reduce using rule 5 (declaration)


state 10

    6 declaration: functionDeclaration .

    $default  reduce using rule 6 (declaration)


state 11

    0 $accept: program $end .

    $default  accept


state 12

    2 declarationList: declaration declarationList .

    $default  reduce using rule 2 (declarationList)


state 13

   19 globalVariableDeclaration: type TK_IDENTIFIER . initialization ';'
   20 globalVectorDeclaration: type TK_IDENTIFIER . '[' LIT_INTEGER ']' optionalInitialization ';'
   24 functionDeclaration: type TK_IDENTIFIER . '(' optionalParamsList ')' commandBlock

    '('  shift, and go to state 14
    '['  shift, and go to state 15

    initialization  go to state 16


state 14

   16 initialization: '(' . literal ')'
   24 functionDeclaration: type TK_IDENTIFIER '(' . optionalParamsList ')' commandBlock

    KW_CHAR      shift, and go to state 1
    KW_INT       shift, and go to state 2
    KW_FLOAT     shift, and go to state 3
    LIT_INTEGER  shift, and go to state 17
    LIT_FLOAT    shift, and go to state 18
    LIT_CHAR     shift, and go to state 19

    $default  reduce using rule 23 (optionalParamsList)

    type                go to state 20
    literal             go to state 21
    param               go to state 22
    optionalParamsList  go to state 23


state 15

   20 globalVectorDeclaration: type TK_IDENTIFIER '[' . LIT_INTEGER ']' optionalInitialization ';'

    LIT_INTEGER  shift, and go to state 24


state 16

   19 globalVariableDeclaration: type TK_IDENTIFIER initialization . ';'

    ';'  shift, and go to state 25


state 17

   12 literal: LIT_INTEGER .

    $default  reduce using rule 12 (literal)


state 18

   11 literal: LIT_FLOAT .

    $default  reduce using rule 11 (literal)


state 19

   10 literal: LIT_CHAR .

    $default  reduce using rule 10 (literal)


state 20

   21 param: type . TK_IDENTIFIER

    TK_IDENTIFIER  shift, and go to state 26


state 21

   16 initialization: '(' literal . ')'

    ')'  shift, and go to state 27


state 22

   22 optionalParamsList: param . optionalParamsList

    KW_CHAR   shift, and go to state 1
    KW_INT    shift, and go to state 2
    KW_FLOAT  shift, and go to state 3

    $default  reduce using rule 23 (optionalParamsList)

    type                go to state 20
    param               go to state 22
    optionalParamsList  go to state 28


state 23

   24 functionDeclaration: type TK_IDENTIFIER '(' optionalParamsList . ')' commandBlock

    ')'  shift, and go to state 29


state 24

   20 globalVectorDeclaration: type TK_IDENTIFIER '[' LIT_INTEGER . ']' optionalInitialization ';'

    ']'  shift, and go to state 30


state 25

   19 globalVariableDeclaration: type TK_IDENTIFIER initialization ';' .

    $default  reduce using rule 19 (globalVariableDeclaration)


state 26

   21 param: type TK_IDENTIFIER .

    $default  reduce using rule 21 (param)


state 27

   16 initialization: '(' literal ')' .

    $default  reduce using rule 16 (initialization)


state 28

   22 optionalParamsList: param optionalParamsList .

    $default  reduce using rule 22 (optionalParamsList)


state 29

   24 functionDeclaration: type TK_IDENTIFIER '(' optionalParamsList ')' . commandBlock

    '{'  shift, and go to state 31

    commandBlock  go to state 32


state 30

   20 globalVectorDeclaration: type TK_IDENTIFIER '[' LIT_INTEGER ']' . optionalInitialization ';'

    LIT_INTEGER  shift, and go to state 17
    LIT_FLOAT    shift, and go to state 18
    LIT_CHAR     shift, and go to state 19

    $default  reduce using rule 18 (optionalInitialization)

    literal                 go to state 33
    literalList             go to state 34
    optionalInitialization  go to state 35


state 31

   25 commandBlock: '{' . commandList '}'

    KW_IF          shift, and go to state 36
    KW_WHILE       shift, and go to state 37
    KW_READ        shift, and go to state 38
    KW_PRINT       shift, and go to state 39
    KW_RETURN      shift, and go to state 40
    TK_IDENTIFIER  shift, and go to state 41
    '{'            shift, and go to state 31

    $default  reduce using rule 36 (command)

    commandBlock   go to state 42
    commandList    go to state 43
    command        go to state 44
    assignment     go to state 45
    readCommand    go to state 46
    printCommand   go to state 47
    returnCommand  go to state 48
    ifCommand      go to state 49
    whileCommand   go to state 50


state 32

   24 functionDeclaration: type TK_IDENTIFIER '(' optionalParamsList ')' commandBlock .

    $default  reduce using rule 24 (functionDeclaration)


state 33

   13 literalList: literal . literalListTail

    LIT_INTEGER  shift, and go to state 17
    LIT_FLOAT    shift, and go to state 18
    LIT_CHAR     shift, and go to state 19

    $default  reduce using rule 15 (literalListTail)

    literal          go to state 51
    literalListTail  go to state 52


state 34

   17 optionalInitialization: literalList .

    $default  reduce using rule 17 (optionalInitialization)


state 35

   20 globalVectorDeclaration: type TK_IDENTIFIER '[' LIT_INTEGER ']' optionalInitialization . ';'

    ';'  shift, and go to state 53


state 36

   48 ifCommand: KW_IF . '(' expression ')' command optionalElse

    '('  shift, and go to state 54


state 37

   51 whileCommand: KW_WHILE . '(' expression ')' command

    '('  shift, and go to state 55


state 38

   39 readCommand: KW_READ . TK_IDENTIFIER optionalIndex

    TK_IDENTIFIER  shift, and go to state 56


state 39

   42 printCommand: KW_PRINT . printParamList

    TK_IDENTIFIER  shift, and go to state 57
    LIT_INTEGER    shift, and go to state 17
    LIT_FLOAT      shift, and go to state 18
    LIT_CHAR       shift, and go to state 19
    LIT_STRING     shift, and go to state 58
    '~'            shift, and go to state 59
    '('            shift, and go to state 60

    $default  reduce using rule 46 (printParamList)

    literal         go to state 61
    printParam      go to state 62
    printParamList  go to state 63
    expression      go to state 64
    functionCall    go to state 65


state 40

   47 returnCommand: KW_RETURN . expression

    TK_IDENTIFIER  shift, and go to state 57
    LIT_INTEGER    shift, and go to state 17
    LIT_FLOAT      shift, and go to state 18
    LIT_CHAR       shift, and go to state 19
    '~'            shift, and go to state 59
    '('            shift, and go to state 60

    literal       go to state 61
    expression    go to state 66
    functionCall  go to state 65


state 41

   37 assignment: TK_IDENTIFIER . ASSIGNMENT expression
   38           | TK_IDENTIFIER . '[' expression ']' ASSIGNMENT expression

    ASSIGNMENT  shift, and go to state 67
    '['         shift, and go to state 68


state 42

   35 command: commandBlock .

    $default  reduce using rule 35 (command)


state 43

   25 commandBlock: '{' commandList . '}'

    '}'  shift, and go to state 69


state 44

   26 commandList: command . commandListTail

    ';'  shift, and go to state 70

    $default  reduce using rule 28 (commandListTail)

    commandListTail  go to state 71


state 45

   29 command: assignment .

    $default  reduce using rule 29 (command)


state 46

   30 command: readCommand .

    $default  reduce using rule 30 (command)


state 47

   31 command: printCommand .

    $default  reduce using rule 31 (command)


state 48

   32 command: returnCommand .

    $default  reduce using rule 32 (command)


state 49

   33 command: ifCommand .

    $default  reduce using rule 33 (command)


state 50

   34 command: whileCommand .

    $default  reduce using rule 34 (command)


state 51

   14 literalListTail: literal . literalListTail

    LIT_INTEGER  shift, and go to state 17
    LIT_FLOAT    shift, and go to state 18
    LIT_CHAR     shift, and go to state 19

    $default  reduce using rule 15 (literalListTail)

    literal          go to state 51
    literalListTail  go to state 72


state 52

   13 literalList: literal literalListTail .

    $default  reduce using rule 13 (literalList)


state 53

   20 globalVectorDeclaration: type TK_IDENTIFIER '[' LIT_INTEGER ']' optionalInitialization ';' .

    $default  reduce using rule 20 (globalVectorDeclaration)


state 54

   48 ifCommand: KW_IF '(' . expression ')' command optionalElse

    TK_IDENTIFIER  shift, and go to state 57
    LIT_INTEGER    shift, and go to state 17
    LIT_FLOAT      shift, and go to state 18
    LIT_CHAR       shift, and go to state 19
    '~'            shift, and go to state 59
    '('            shift, and go to state 60

    literal       go to state 61
    expression    go to state 73
    functionCall  go to state 65


state 55

   51 whileCommand: KW_WHILE '(' . expression ')' command

    TK_IDENTIFIER  shift, and go to state 57
    LIT_INTEGER    shift, and go to state 17
    LIT_FLOAT      shift, and go to state 18
    LIT_CHAR       shift, and go to state 19
    '~'            shift, and go to state 59
    '('            shift, and go to state 60

    literal       go to state 61
    expression    go to state 74
    functionCall  go to state 65


state 56

   39 readCommand: KW_READ TK_IDENTIFIER . optionalIndex

    '['  shift, and go to state 75

    $default  reduce using rule 41 (optionalIndex)

    optionalIndex  go to state 76


state 57

   52 expression: TK_IDENTIFIER .
   53           | TK_IDENTIFIER . '[' expression ']'
   70 functionCall: TK_IDENTIFIER . '(' functionParamsList ')'

    '('  shift, and go to state 77
    '['  shift, and go to state 78

    '('       [reduce using rule 52 (expression)]
    $default  reduce using rule 52 (expression)


state 58

   43 printParam: LIT_STRING .

    $default  reduce using rule 43 (printParam)


state 59

   67 expression: '~' . expression

    TK_IDENTIFIER  shift, and go to state 57
    LIT_INTEGER    shift, and go to state 17
    LIT_FLOAT      shift, and go to state 18
    LIT_CHAR       shift, and go to state 19
    '~'            shift, and go to state 59
    '('            shift, and go to state 60

    literal       go to state 61
    expression    go to state 79
    functionCall  go to state 65


state 60

   68 expression: '(' . expression ')'

    TK_IDENTIFIER  shift, and go to state 57
    LIT_INTEGER    shift, and go to state 17
    LIT_FLOAT      shift, and go to state 18
    LIT_CHAR       shift, and go to state 19
    '~'            shift, and go to state 59
    '('            shift, and go to state 60

    literal       go to state 61
    expression    go to state 80
    functionCall  go to state 65


state 61

   54 expression: literal .

    $default  reduce using rule 54 (expression)


state 62

   45 printParamList: printParam . printParamList

    TK_IDENTIFIER  shift, and go to state 57
    LIT_INTEGER    shift, and go to state 17
    LIT_FLOAT      shift, and go to state 18
    LIT_CHAR       shift, and go to state 19
    LIT_STRING     shift, and go to state 58
    '~'            shift, and go to state 59
    '('            shift, and go to state 60

    $default  reduce using rule 46 (printParamList)

    literal         go to state 61
    printParam      go to state 62
    printParamList  go to state 81
    expression      go to state 64
    functionCall    go to state 65


state 63

   42 printCommand: KW_PRINT printParamList .

    $default  reduce using rule 42 (printCommand)


state 64

   44 printParam: expression .
   55 expression: expression . '+' expression
   56           | expression . '-' expression
   57           | expression . '.' expression
   58           | expression . '/' expression
   59           | expression . '>' expression
   60           | expression . '<' expression
   61           | expression . OPERATOR_LE expression
   62           | expression . OPERATOR_GE expression
   63           | expression . OPERATOR_EQ expression
   64           | expression . OPERATOR_DIF expression
   65           | expression . '&' expression
   66           | expression . '|' expression

    OPERATOR_LE   shift, and go to state 82
    OPERATOR_GE   shift, and go to state 83
    OPERATOR_EQ   shift, and go to state 84
    OPERATOR_DIF  shift, and go to state 85
    '&'           shift, and go to state 86
    '|'           shift, and go to state 87
    '<'           shift, and go to state 88
    '>'           shift, and go to state 89
    '+'           shift, and go to state 90
    '-'           shift, and go to state 91
    '.'           shift, and go to state 92
    '/'           shift, and go to state 93

    $default  reduce using rule 44 (printParam)


state 65

   69 expression: functionCall .

    $default  reduce using rule 69 (expression)


state 66

   47 returnCommand: KW_RETURN expression .
   55 expression: expression . '+' expression
   56           | expression . '-' expression
   57           | expression . '.' expression
   58           | expression . '/' expression
   59           | expression . '>' expression
   60           | expression . '<' expression
   61           | expression . OPERATOR_LE expression
   62           | expression . OPERATOR_GE expression
   63           | expression . OPERATOR_EQ expression
   64           | expression . OPERATOR_DIF expression
   65           | expression . '&' expression
   66           | expression . '|' expression

    OPERATOR_LE   shift, and go to state 82
    OPERATOR_GE   shift, and go to state 83
    OPERATOR_EQ   shift, and go to state 84
    OPERATOR_DIF  shift, and go to state 85
    '&'           shift, and go to state 86
    '|'           shift, and go to state 87
    '<'           shift, and go to state 88
    '>'           shift, and go to state 89
    '+'           shift, and go to state 90
    '-'           shift, and go to state 91
    '.'           shift, and go to state 92
    '/'           shift, and go to state 93

    $default  reduce using rule 47 (returnCommand)


state 67

   37 assignment: TK_IDENTIFIER ASSIGNMENT . expression

    TK_IDENTIFIER  shift, and go to state 57
    LIT_INTEGER    shift, and go to state 17
    LIT_FLOAT      shift, and go to state 18
    LIT_CHAR       shift, and go to state 19
    '~'            shift, and go to state 59
    '('            shift, and go to state 60

    literal       go to state 61
    expression    go to state 94
    functionCall  go to state 65


state 68

   38 assignment: TK_IDENTIFIER '[' . expression ']' ASSIGNMENT expression

    TK_IDENTIFIER  shift, and go to state 57
    LIT_INTEGER    shift, and go to state 17
    LIT_FLOAT      shift, and go to state 18
    LIT_CHAR       shift, and go to state 19
    '~'            shift, and go to state 59
    '('            shift, and go to state 60

    literal       go to state 61
    expression    go to state 95
    functionCall  go to state 65


state 69

   25 commandBlock: '{' commandList '}' .

    $default  reduce using rule 25 (commandBlock)


state 70

   27 commandListTail: ';' . command commandListTail

    KW_IF          shift, and go to state 36
    KW_WHILE       shift, and go to state 37
    KW_READ        shift, and go to state 38
    KW_PRINT       shift, and go to state 39
    KW_RETURN      shift, and go to state 40
    TK_IDENTIFIER  shift, and go to state 41
    '{'            shift, and go to state 31

    $default  reduce using rule 36 (command)

    commandBlock   go to state 42
    command        go to state 96
    assignment     go to state 45
    readCommand    go to state 46
    printCommand   go to state 47
    returnCommand  go to state 48
    ifCommand      go to state 49
    whileCommand   go to state 50


state 71

   26 commandList: command commandListTail .

    $default  reduce using rule 26 (commandList)


state 72

   14 literalListTail: literal literalListTail .

    $default  reduce using rule 14 (literalListTail)


state 73

   48 ifCommand: KW_IF '(' expression . ')' command optionalElse
   55 expression: expression . '+' expression
   56           | expression . '-' expression
   57           | expression . '.' expression
   58           | expression . '/' expression
   59           | expression . '>' expression
   60           | expression . '<' expression
   61           | expression . OPERATOR_LE expression
   62           | expression . OPERATOR_GE expression
   63           | expression . OPERATOR_EQ expression
   64           | expression . OPERATOR_DIF expression
   65           | expression . '&' expression
   66           | expression . '|' expression

    OPERATOR_LE   shift, and go to state 82
    OPERATOR_GE   shift, and go to state 83
    OPERATOR_EQ   shift, and go to state 84
    OPERATOR_DIF  shift, and go to state 85
    '&'           shift, and go to state 86
    '|'           shift, and go to state 87
    '<'           shift, and go to state 88
    '>'           shift, and go to state 89
    '+'           shift, and go to state 90
    '-'           shift, and go to state 91
    '.'           shift, and go to state 92
    '/'           shift, and go to state 93
    ')'           shift, and go to state 97


state 74

   51 whileCommand: KW_WHILE '(' expression . ')' command
   55 expression: expression . '+' expression
   56           | expression . '-' expression
   57           | expression . '.' expression
   58           | expression . '/' expression
   59           | expression . '>' expression
   60           | expression . '<' expression
   61           | expression . OPERATOR_LE expression
   62           | expression . OPERATOR_GE expression
   63           | expression . OPERATOR_EQ expression
   64           | expression . OPERATOR_DIF expression
   65           | expression . '&' expression
   66           | expression . '|' expression

    OPERATOR_LE   shift, and go to state 82
    OPERATOR_GE   shift, and go to state 83
    OPERATOR_EQ   shift, and go to state 84
    OPERATOR_DIF  shift, and go to state 85
    '&'           shift, and go to state 86
    '|'           shift, and go to state 87
    '<'           shift, and go to state 88
    '>'           shift, and go to state 89
    '+'           shift, and go to state 90
    '-'           shift, and go to state 91
    '.'           shift, and go to state 92
    '/'           shift, and go to state 93
    ')'           shift, and go to state 98


state 75

   40 optionalIndex: '[' . expression ']'

    TK_IDENTIFIER  shift, and go to state 57
    LIT_INTEGER    shift, and go to state 17
    LIT_FLOAT      shift, and go to state 18
    LIT_CHAR       shift, and go to state 19
    '~'            shift, and go to state 59
    '('            shift, and go to state 60

    literal       go to state 61
    expression    go to state 99
    functionCall  go to state 65


state 76

   39 readCommand: KW_READ TK_IDENTIFIER optionalIndex .

    $default  reduce using rule 39 (readCommand)


state 77

   70 functionCall: TK_IDENTIFIER '(' . functionParamsList ')'

    TK_IDENTIFIER  shift, and go to state 57
    LIT_INTEGER    shift, and go to state 17
    LIT_FLOAT      shift, and go to state 18
    LIT_CHAR       shift, and go to state 19
    '~'            shift, and go to state 59
    '('            shift, and go to state 60

    $default  reduce using rule 72 (functionParamsList)

    literal             go to state 61
    expression          go to state 100
    functionCall        go to state 65
    functionParamsList  go to state 101


state 78

   53 expression: TK_IDENTIFIER '[' . expression ']'

    TK_IDENTIFIER  shift, and go to state 57
    LIT_INTEGER    shift, and go to state 17
    LIT_FLOAT      shift, and go to state 18
    LIT_CHAR       shift, and go to state 19
    '~'            shift, and go to state 59
    '('            shift, and go to state 60

    literal       go to state 61
    expression    go to state 102
    functionCall  go to state 65


state 79

   55 expression: expression . '+' expression
   56           | expression . '-' expression
   57           | expression . '.' expression
   58           | expression . '/' expression
   59           | expression . '>' expression
   60           | expression . '<' expression
   61           | expression . OPERATOR_LE expression
   62           | expression . OPERATOR_GE expression
   63           | expression . OPERATOR_EQ expression
   64           | expression . OPERATOR_DIF expression
   65           | expression . '&' expression
   66           | expression . '|' expression
   67           | '~' expression .

    OPERATOR_LE   shift, and go to state 82
    OPERATOR_GE   shift, and go to state 83
    OPERATOR_EQ   shift, and go to state 84
    OPERATOR_DIF  shift, and go to state 85
    '&'           shift, and go to state 86
    '|'           shift, and go to state 87
    '<'           shift, and go to state 88
    '>'           shift, and go to state 89
    '+'           shift, and go to state 90
    '-'           shift, and go to state 91
    '.'           shift, and go to state 92
    '/'           shift, and go to state 93

    $default  reduce using rule 67 (expression)


state 80

   55 expression: expression . '+' expression
   56           | expression . '-' expression
   57           | expression . '.' expression
   58           | expression . '/' expression
   59           | expression . '>' expression
   60           | expression . '<' expression
   61           | expression . OPERATOR_LE expression
   62           | expression . OPERATOR_GE expression
   63           | expression . OPERATOR_EQ expression
   64           | expression . OPERATOR_DIF expression
   65           | expression . '&' expression
   66           | expression . '|' expression
   68           | '(' expression . ')'

    OPERATOR_LE   shift, and go to state 82
    OPERATOR_GE   shift, and go to state 83
    OPERATOR_EQ   shift, and go to state 84
    OPERATOR_DIF  shift, and go to state 85
    '&'           shift, and go to state 86
    '|'           shift, and go to state 87
    '<'           shift, and go to state 88
    '>'           shift, and go to state 89
    '+'           shift, and go to state 90
    '-'           shift, and go to state 91
    '.'           shift, and go to state 92
    '/'           shift, and go to state 93
    ')'           shift, and go to state 103


state 81

   45 printParamList: printParam printParamList .

    $default  reduce using rule 45 (printParamList)


state 82

   61 expression: expression OPERATOR_LE . expression

    TK_IDENTIFIER  shift, and go to state 57
    LIT_INTEGER    shift, and go to state 17
    LIT_FLOAT      shift, and go to state 18
    LIT_CHAR       shift, and go to state 19
    '~'            shift, and go to state 59
    '('            shift, and go to state 60

    literal       go to state 61
    expression    go to state 104
    functionCall  go to state 65


state 83

   62 expression: expression OPERATOR_GE . expression

    TK_IDENTIFIER  shift, and go to state 57
    LIT_INTEGER    shift, and go to state 17
    LIT_FLOAT      shift, and go to state 18
    LIT_CHAR       shift, and go to state 19
    '~'            shift, and go to state 59
    '('            shift, and go to state 60

    literal       go to state 61
    expression    go to state 105
    functionCall  go to state 65


state 84

   63 expression: expression OPERATOR_EQ . expression

    TK_IDENTIFIER  shift, and go to state 57
    LIT_INTEGER    shift, and go to state 17
    LIT_FLOAT      shift, and go to state 18
    LIT_CHAR       shift, and go to state 19
    '~'            shift, and go to state 59
    '('            shift, and go to state 60

    literal       go to state 61
    expression    go to state 106
    functionCall  go to state 65


state 85

   64 expression: expression OPERATOR_DIF . expression

    TK_IDENTIFIER  shift, and go to state 57
    LIT_INTEGER    shift, and go to state 17
    LIT_FLOAT      shift, and go to state 18
    LIT_CHAR       shift, and go to state 19
    '~'            shift, and go to state 59
    '('            shift, and go to state 60

    literal       go to state 61
    expression    go to state 107
    functionCall  go to state 65


state 86

   65 expression: expression '&' . expression

    TK_IDENTIFIER  shift, and go to state 57
    LIT_INTEGER    shift, and go to state 17
    LIT_FLOAT      shift, and go to state 18
    LIT_CHAR       shift, and go to state 19
    '~'            shift, and go to state 59
    '('            shift, and go to state 60

    literal       go to state 61
    expression    go to state 108
    functionCall  go to state 65


state 87

   66 expression: expression '|' . expression

    TK_IDENTIFIER  shift, and go to state 57
    LIT_INTEGER    shift, and go to state 17
    LIT_FLOAT      shift, and go to state 18
    LIT_CHAR       shift, and go to state 19
    '~'            shift, and go to state 59
    '('            shift, and go to state 60

    literal       go to state 61
    expression    go to state 109
    functionCall  go to state 65


state 88

   60 expression: expression '<' . expression

    TK_IDENTIFIER  shift, and go to state 57
    LIT_INTEGER    shift, and go to state 17
    LIT_FLOAT      shift, and go to state 18
    LIT_CHAR       shift, and go to state 19
    '~'            shift, and go to state 59
    '('            shift, and go to state 60

    literal       go to state 61
    expression    go to state 110
    functionCall  go to state 65


state 89

   59 expression: expression '>' . expression

    TK_IDENTIFIER  shift, and go to state 57
    LIT_INTEGER    shift, and go to state 17
    LIT_FLOAT      shift, and go to state 18
    LIT_CHAR       shift, and go to state 19
    '~'            shift, and go to state 59
    '('            shift, and go to state 60

    literal       go to state 61
    expression    go to state 111
    functionCall  go to state 65


state 90

   55 expression: expression '+' . expression

    TK_IDENTIFIER  shift, and go to state 57
    LIT_INTEGER    shift, and go to state 17
    LIT_FLOAT      shift, and go to state 18
    LIT_CHAR       shift, and go to state 19
    '~'            shift, and go to state 59
    '('            shift, and go to state 60

    literal       go to state 61
    expression    go to state 112
    functionCall  go to state 65


state 91

   56 expression: expression '-' . expression

    TK_IDENTIFIER  shift, and go to state 57
    LIT_INTEGER    shift, and go to state 17
    LIT_FLOAT      shift, and go to state 18
    LIT_CHAR       shift, and go to state 19
    '~'            shift, and go to state 59
    '('            shift, and go to state 60

    literal       go to state 61
    expression    go to state 113
    functionCall  go to state 65


state 92

   57 expression: expression '.' . expression

    TK_IDENTIFIER  shift, and go to state 57
    LIT_INTEGER    shift, and go to state 17
    LIT_FLOAT      shift, and go to state 18
    LIT_CHAR       shift, and go to state 19
    '~'            shift, and go to state 59
    '('            shift, and go to state 60

    literal       go to state 61
    expression    go to state 114
    functionCall  go to state 65


state 93

   58 expression: expression '/' . expression

    TK_IDENTIFIER  shift, and go to state 57
    LIT_INTEGER    shift, and go to state 17
    LIT_FLOAT      shift, and go to state 18
    LIT_CHAR       shift, and go to state 19
    '~'            shift, and go to state 59
    '('            shift, and go to state 60

    literal       go to state 61
    expression    go to state 115
    functionCall  go to state 65


state 94

   37 assignment: TK_IDENTIFIER ASSIGNMENT expression .
   55 expression: expression . '+' expression
   56           | expression . '-' expression
   57           | expression . '.' expression
   58           | expression . '/' expression
   59           | expression . '>' expression
   60           | expression . '<' expression
   61           | expression . OPERATOR_LE expression
   62           | expression . OPERATOR_GE expression
   63           | expression . OPERATOR_EQ expression
   64           | expression . OPERATOR_DIF expression
   65           | expression . '&' expression
   66           | expression . '|' expression

    OPERATOR_LE   shift, and go to state 82
    OPERATOR_GE   shift, and go to state 83
    OPERATOR_EQ   shift, and go to state 84
    OPERATOR_DIF  shift, and go to state 85
    '&'           shift, and go to state 86
    '|'           shift, and go to state 87
    '<'           shift, and go to state 88
    '>'           shift, and go to state 89
    '+'           shift, and go to state 90
    '-'           shift, and go to state 91
    '.'           shift, and go to state 92
    '/'           shift, and go to state 93

    $default  reduce using rule 37 (assignment)


state 95

   38 assignment: TK_IDENTIFIER '[' expression . ']' ASSIGNMENT expression
   55 expression: expression . '+' expression
   56           | expression . '-' expression
   57           | expression . '.' expression
   58           | expression . '/' expression
   59           | expression . '>' expression
   60           | expression . '<' expression
   61           | expression . OPERATOR_LE expression
   62           | expression . OPERATOR_GE expression
   63           | expression . OPERATOR_EQ expression
   64           | expression . OPERATOR_DIF expression
   65           | expression . '&' expression
   66           | expression . '|' expression

    OPERATOR_LE   shift, and go to state 82
    OPERATOR_GE   shift, and go to state 83
    OPERATOR_EQ   shift, and go to state 84
    OPERATOR_DIF  shift, and go to state 85
    '&'           shift, and go to state 86
    '|'           shift, and go to state 87
    '<'           shift, and go to state 88
    '>'           shift, and go to state 89
    '+'           shift, and go to state 90
    '-'           shift, and go to state 91
    '.'           shift, and go to state 92
    '/'           shift, and go to state 93
    ']'           shift, and go to state 116


state 96

   27 commandListTail: ';' command . commandListTail

    ';'  shift, and go to state 70

    $default  reduce using rule 28 (commandListTail)

    commandListTail  go to state 117


state 97

   48 ifCommand: KW_IF '(' expression ')' . command optionalElse

    KW_IF          shift, and go to state 36
    KW_WHILE       shift, and go to state 37
    KW_READ        shift, and go to state 38
    KW_PRINT       shift, and go to state 39
    KW_RETURN      shift, and go to state 40
    TK_IDENTIFIER  shift, and go to state 41
    '{'            shift, and go to state 31

    $default  reduce using rule 36 (command)

    commandBlock   go to state 42
    command        go to state 118
    assignment     go to state 45
    readCommand    go to state 46
    printCommand   go to state 47
    returnCommand  go to state 48
    ifCommand      go to state 49
    whileCommand   go to state 50


state 98

   51 whileCommand: KW_WHILE '(' expression ')' . command

    KW_IF          shift, and go to state 36
    KW_WHILE       shift, and go to state 37
    KW_READ        shift, and go to state 38
    KW_PRINT       shift, and go to state 39
    KW_RETURN      shift, and go to state 40
    TK_IDENTIFIER  shift, and go to state 41
    '{'            shift, and go to state 31

    $default  reduce using rule 36 (command)

    commandBlock   go to state 42
    command        go to state 119
    assignment     go to state 45
    readCommand    go to state 46
    printCommand   go to state 47
    returnCommand  go to state 48
    ifCommand      go to state 49
    whileCommand   go to state 50


state 99

   40 optionalIndex: '[' expression . ']'
   55 expression: expression . '+' expression
   56           | expression . '-' expression
   57           | expression . '.' expression
   58           | expression . '/' expression
   59           | expression . '>' expression
   60           | expression . '<' expression
   61           | expression . OPERATOR_LE expression
   62           | expression . OPERATOR_GE expression
   63           | expression . OPERATOR_EQ expression
   64           | expression . OPERATOR_DIF expression
   65           | expression . '&' expression
   66           | expression . '|' expression

    OPERATOR_LE   shift, and go to state 82
    OPERATOR_GE   shift, and go to state 83
    OPERATOR_EQ   shift, and go to state 84
    OPERATOR_DIF  shift, and go to state 85
    '&'           shift, and go to state 86
    '|'           shift, and go to state 87
    '<'           shift, and go to state 88
    '>'           shift, and go to state 89
    '+'           shift, and go to state 90
    '-'           shift, and go to state 91
    '.'           shift, and go to state 92
    '/'           shift, and go to state 93
    ']'           shift, and go to state 120


state 100

   55 expression: expression . '+' expression
   56           | expression . '-' expression
   57           | expression . '.' expression
   58           | expression . '/' expression
   59           | expression . '>' expression
   60           | expression . '<' expression
   61           | expression . OPERATOR_LE expression
   62           | expression . OPERATOR_GE expression
   63           | expression . OPERATOR_EQ expression
   64           | expression . OPERATOR_DIF expression
   65           | expression . '&' expression
   66           | expression . '|' expression
   71 functionParamsList: expression . functionParamsList

    OPERATOR_LE    shift, and go to state 82
    OPERATOR_GE    shift, and go to state 83
    OPERATOR_EQ    shift, and go to state 84
    OPERATOR_DIF   shift, and go to state 85
    TK_IDENTIFIER  shift, and go to state 57
    LIT_INTEGER    shift, and go to state 17
    LIT_FLOAT      shift, and go to state 18
    LIT_CHAR       shift, and go to state 19
    '~'            shift, and go to state 59
    '&'            shift, and go to state 86
    '|'            shift, and go to state 87
    '<'            shift, and go to state 88
    '>'            shift, and go to state 89
    '+'            shift, and go to state 90
    '-'            shift, and go to state 91
    '.'            shift, and go to state 92
    '/'            shift, and go to state 93
    '('            shift, and go to state 60

    $default  reduce using rule 72 (functionParamsList)

    literal             go to state 61
    expression          go to state 100
    functionCall        go to state 65
    functionParamsList  go to state 121


state 101

   70 functionCall: TK_IDENTIFIER '(' functionParamsList . ')'

    ')'  shift, and go to state 122


state 102

   53 expression: TK_IDENTIFIER '[' expression . ']'
   55           | expression . '+' expression
   56           | expression . '-' expression
   57           | expression . '.' expression
   58           | expression . '/' expression
   59           | expression . '>' expression
   60           | expression . '<' expression
   61           | expression . OPERATOR_LE expression
   62           | expression . OPERATOR_GE expression
   63           | expression . OPERATOR_EQ expression
   64           | expression . OPERATOR_DIF expression
   65           | expression . '&' expression
   66           | expression . '|' expression

    OPERATOR_LE   shift, and go to state 82
    OPERATOR_GE   shift, and go to state 83
    OPERATOR_EQ   shift, and go to state 84
    OPERATOR_DIF  shift, and go to state 85
    '&'           shift, and go to state 86
    '|'           shift, and go to state 87
    '<'           shift, and go to state 88
    '>'           shift, and go to state 89
    '+'           shift, and go to state 90
    '-'           shift, and go to state 91
    '.'           shift, and go to state 92
    '/'           shift, and go to state 93
    ']'           shift, and go to state 123


state 103

   68 expression: '(' expression ')' .

    $default  reduce using rule 68 (expression)


state 104

   55 expression: expression . '+' expression
   56           | expression . '-' expression
   57           | expression . '.' expression
   58           | expression . '/' expression
   59           | expression . '>' expression
   60           | expression . '<' expression
   61           | expression . OPERATOR_LE expression
   61           | expression OPERATOR_LE expression .
   62           | expression . OPERATOR_GE expression
   63           | expression . OPERATOR_EQ expression
   64           | expression . OPERATOR_DIF expression
   65           | expression . '&' expression
   66           | expression . '|' expression

    '+'  shift, and go to state 90
    '-'  shift, and go to state 91
    '.'  shift, and go to state 92
    '/'  shift, and go to state 93

    $default  reduce using rule 61 (expression)


state 105

   55 expression: expression . '+' expression
   56           | expression . '-' expression
   57           | expression . '.' expression
   58           | expression . '/' expression
   59           | expression . '>' expression
   60           | expression . '<' expression
   61           | expression . OPERATOR_LE expression
   62           | expression . OPERATOR_GE expression
   62           | expression OPERATOR_GE expression .
   63           | expression . OPERATOR_EQ expression
   64           | expression . OPERATOR_DIF expression
   65           | expression . '&' expression
   66           | expression . '|' expression

    '+'  shift, and go to state 90
    '-'  shift, and go to state 91
    '.'  shift, and go to state 92
    '/'  shift, and go to state 93

    $default  reduce using rule 62 (expression)


state 106

   55 expression: expression . '+' expression
   56           | expression . '-' expression
   57           | expression . '.' expression
   58           | expression . '/' expression
   59           | expression . '>' expression
   60           | expression . '<' expression
   61           | expression . OPERATOR_LE expression
   62           | expression . OPERATOR_GE expression
   63           | expression . OPERATOR_EQ expression
   63           | expression OPERATOR_EQ expression .
   64           | expression . OPERATOR_DIF expression
   65           | expression . '&' expression
   66           | expression . '|' expression

    '+'  shift, and go to state 90
    '-'  shift, and go to state 91
    '.'  shift, and go to state 92
    '/'  shift, and go to state 93

    $default  reduce using rule 63 (expression)


state 107

   55 expression: expression . '+' expression
   56           | expression . '-' expression
   57           | expression . '.' expression
   58           | expression . '/' expression
   59           | expression . '>' expression
   60           | expression . '<' expression
   61           | expression . OPERATOR_LE expression
   62           | expression . OPERATOR_GE expression
   63           | expression . OPERATOR_EQ expression
   64           | expression . OPERATOR_DIF expression
   64           | expression OPERATOR_DIF expression .
   65           | expression . '&' expression
   66           | expression . '|' expression

    '+'  shift, and go to state 90
    '-'  shift, and go to state 91
    '.'  shift, and go to state 92
    '/'  shift, and go to state 93

    $default  reduce using rule 64 (expression)


state 108

   55 expression: expression . '+' expression
   56           | expression . '-' expression
   57           | expression . '.' expression
   58           | expression . '/' expression
   59           | expression . '>' expression
   60           | expression . '<' expression
   61           | expression . OPERATOR_LE expression
   62           | expression . OPERATOR_GE expression
   63           | expression . OPERATOR_EQ expression
   64           | expression . OPERATOR_DIF expression
   65           | expression . '&' expression
   65           | expression '&' expression .
   66           | expression . '|' expression

    OPERATOR_LE   shift, and go to state 82
    OPERATOR_GE   shift, and go to state 83
    OPERATOR_EQ   shift, and go to state 84
    OPERATOR_DIF  shift, and go to state 85
    '<'           shift, and go to state 88
    '>'           shift, and go to state 89
    '+'           shift, and go to state 90
    '-'           shift, and go to state 91
    '.'           shift, and go to state 92
    '/'           shift, and go to state 93

    $default  reduce using rule 65 (expression)


state 109

   55 expression: expression . '+' expression
   56           | expression . '-' expression
   57           | expression . '.' expression
   58           | expression . '/' expression
   59           | expression . '>' expression
   60           | expression . '<' expression
   61           | expression . OPERATOR_LE expression
   62           | expression . OPERATOR_GE expression
   63           | expression . OPERATOR_EQ expression
   64           | expression . OPERATOR_DIF expression
   65           | expression . '&' expression
   66           | expression . '|' expression
   66           | expression '|' expression .

    OPERATOR_LE   shift, and go to state 82
    OPERATOR_GE   shift, and go to state 83
    OPERATOR_EQ   shift, and go to state 84
    OPERATOR_DIF  shift, and go to state 85
    '<'           shift, and go to state 88
    '>'           shift, and go to state 89
    '+'           shift, and go to state 90
    '-'           shift, and go to state 91
    '.'           shift, and go to state 92
    '/'           shift, and go to state 93

    $default  reduce using rule 66 (expression)


state 110

   55 expression: expression . '+' expression
   56           | expression . '-' expression
   57           | expression . '.' expression
   58           | expression . '/' expression
   59           | expression . '>' expression
   60           | expression . '<' expression
   60           | expression '<' expression .
   61           | expression . OPERATOR_LE expression
   62           | expression . OPERATOR_GE expression
   63           | expression . OPERATOR_EQ expression
   64           | expression . OPERATOR_DIF expression
   65           | expression . '&' expression
   66           | expression . '|' expression

    '+'  shift, and go to state 90
    '-'  shift, and go to state 91
    '.'  shift, and go to state 92
    '/'  shift, and go to state 93

    $default  reduce using rule 60 (expression)


state 111

   55 expression: expression . '+' expression
   56           | expression . '-' expression
   57           | expression . '.' expression
   58           | expression . '/' expression
   59           | expression . '>' expression
   59           | expression '>' expression .
   60           | expression . '<' expression
   61           | expression . OPERATOR_LE expression
   62           | expression . OPERATOR_GE expression
   63           | expression . OPERATOR_EQ expression
   64           | expression . OPERATOR_DIF expression
   65           | expression . '&' expression
   66           | expression . '|' expression

    '+'  shift, and go to state 90
    '-'  shift, and go to state 91
    '.'  shift, and go to state 92
    '/'  shift, and go to state 93

    $default  reduce using rule 59 (expression)


state 112

   55 expression: expression . '+' expression
   55           | expression '+' expression .
   56           | expression . '-' expression
   57           | expression . '.' expression
   58           | expression . '/' expression
   59           | expression . '>' expression
   60           | expression . '<' expression
   61           | expression . OPERATOR_LE expression
   62           | expression . OPERATOR_GE expression
   63           | expression . OPERATOR_EQ expression
   64           | expression . OPERATOR_DIF expression
   65           | expression . '&' expression
   66           | expression . '|' expression

    '.'  shift, and go to state 92
    '/'  shift, and go to state 93

    $default  reduce using rule 55 (expression)


state 113

   55 expression: expression . '+' expression
   56           | expression . '-' expression
   56           | expression '-' expression .
   57           | expression . '.' expression
   58           | expression . '/' expression
   59           | expression . '>' expression
   60           | expression . '<' expression
   61           | expression . OPERATOR_LE expression
   62           | expression . OPERATOR_GE expression
   63           | expression . OPERATOR_EQ expression
   64           | expression . OPERATOR_DIF expression
   65           | expression . '&' expression
   66           | expression . '|' expression

    '.'  shift, and go to state 92
    '/'  shift, and go to state 93

    $default  reduce using rule 56 (expression)


state 114

   55 expression: expression . '+' expression
   56           | expression . '-' expression
   57           | expression . '.' expression
   57           | expression '.' expression .
   58           | expression . '/' expression
   59           | expression . '>' expression
   60           | expression . '<' expression
   61           | expression . OPERATOR_LE expression
   62           | expression . OPERATOR_GE expression
   63           | expression . OPERATOR_EQ expression
   64           | expression . OPERATOR_DIF expression
   65           | expression . '&' expression
   66           | expression . '|' expression

    $default  reduce using rule 57 (expression)


state 115

   55 expression: expression . '+' expression
   56           | expression . '-' expression
   57           | expression . '.' expression
   58           | expression . '/' expression
   58           | expression '/' expression .
   59           | expression . '>' expression
   60           | expression . '<' expression
   61           | expression . OPERATOR_LE expression
   62           | expression . OPERATOR_GE expression
   63           | expression . OPERATOR_EQ expression
   64           | expression . OPERATOR_DIF expression
   65           | expression . '&' expression
   66           | expression . '|' expression

    $default  reduce using rule 58 (expression)


state 116

   38 assignment: TK_IDENTIFIER '[' expression ']' . ASSIGNMENT expression

    ASSIGNMENT  shift, and go to state 124


state 117

   27 commandListTail: ';' command commandListTail .

    $default  reduce using rule 27 (commandListTail)


state 118

   48 ifCommand: KW_IF '(' expression ')' command . optionalElse

    KW_ELSE  shift, and go to state 125

    KW_ELSE   [reduce using rule 50 (optionalElse)]
    $default  reduce using rule 50 (optionalElse)

    optionalElse  go to state 126


state 119

   51 whileCommand: KW_WHILE '(' expression ')' command .

    $default  reduce using rule 51 (whileCommand)


state 120

   40 optionalIndex: '[' expression ']' .

    $default  reduce using rule 40 (optionalIndex)


state 121

   71 functionParamsList: expression functionParamsList .

    $default  reduce using rule 71 (functionParamsList)


state 122

   70 functionCall: TK_IDENTIFIER '(' functionParamsList ')' .

    $default  reduce using rule 70 (functionCall)


state 123

   53 expression: TK_IDENTIFIER '[' expression ']' .

    $default  reduce using rule 53 (expression)


state 124

   38 assignment: TK_IDENTIFIER '[' expression ']' ASSIGNMENT . expression

    TK_IDENTIFIER  shift, and go to state 57
    LIT_INTEGER    shift, and go to state 17
    LIT_FLOAT      shift, and go to state 18
    LIT_CHAR       shift, and go to state 19
    '~'            shift, and go to state 59
    '('            shift, and go to state 60

    literal       go to state 61
    expression    go to state 127
    functionCall  go to state 65


state 125

   49 optionalElse: KW_ELSE . command

    KW_IF          shift, and go to state 36
    KW_WHILE       shift, and go to state 37
    KW_READ        shift, and go to state 38
    KW_PRINT       shift, and go to state 39
    KW_RETURN      shift, and go to state 40
    TK_IDENTIFIER  shift, and go to state 41
    '{'            shift, and go to state 31

    $default  reduce using rule 36 (command)

    commandBlock   go to state 42
    command        go to state 128
    assignment     go to state 45
    readCommand    go to state 46
    printCommand   go to state 47
    returnCommand  go to state 48
    ifCommand      go to state 49
    whileCommand   go to state 50


state 126

   48 ifCommand: KW_IF '(' expression ')' command optionalElse .

    $default  reduce using rule 48 (ifCommand)


state 127

   38 assignment: TK_IDENTIFIER '[' expression ']' ASSIGNMENT expression .
   55 expression: expression . '+' expression
   56           | expression . '-' expression
   57           | expression . '.' expression
   58           | expression . '/' expression
   59           | expression . '>' expression
   60           | expression . '<' expression
   61           | expression . OPERATOR_LE expression
   62           | expression . OPERATOR_GE expression
   63           | expression . OPERATOR_EQ expression
   64           | expression . OPERATOR_DIF expression
   65           | expression . '&' expression
   66           | expression . '|' expression

    OPERATOR_LE   shift, and go to state 82
    OPERATOR_GE   shift, and go to state 83
    OPERATOR_EQ   shift, and go to state 84
    OPERATOR_DIF  shift, and go to state 85
    '&'           shift, and go to state 86
    '|'           shift, and go to state 87
    '<'           shift, and go to state 88
    '>'           shift, and go to state 89
    '+'           shift, and go to state 90
    '-'           shift, and go to state 91
    '.'           shift, and go to state 92
    '/'           shift, and go to state 93

    $default  reduce using rule 38 (assignment)


state 128

   49 optionalElse: KW_ELSE command .

    $default  reduce using rule 49 (optionalElse)
